2020-08-19T08:04:36+00:00 CRITICAL Uncaught Error: Call to undefined function add_submenu_page() in D:\wamp64\www\wordpress\wp-content\mu-plugins\job-listing-post-type.php:36
Stack trace:
#0 D:\wamp64\www\wordpress\wp-includes\class-wp-hook.php(287): job_opening_post_types('')
#1 D:\wamp64\www\wordpress\wp-includes\class-wp-hook.php(311): WP_Hook->apply_filters(NULL, Array)
#2 D:\wamp64\www\wordpress\wp-includes\plugin.php(478): WP_Hook->do_action(Array)
#3 D:\wamp64\www\wordpress\wp-settings.php(546): do_action('init')
#4 D:\wamp64\www\wordpress\wp-config.php(94): require_once('D:\\wamp64\\www\\w...')
#5 D:\wamp64\www\wordpress\wp-load.php(37): require_once('D:\\wamp64\\www\\w...')
#6 D:\wamp64\www\wordpress\wp-cron.php(44): require_once('D:\\wamp64\\www\\w...')
#7 {main}
  thrown in D:\wamp64\www\wordpress\wp-content\mu-plugins\job-listing-post-type.php on line 36

2020-08-19T08:04:36+00:00 CRITICAL Uncaught Error: Call to undefined function add_submenu_page() in D:\wamp64\www\wordpress\wp-content\mu-plugins\job-listing-post-type.php:36
Stack trace:
#0 D:\wamp64\www\wordpress\wp-includes\class-wp-hook.php(287): job_opening_post_types('')
#1 D:\wamp64\www\wordpress\wp-includes\class-wp-hook.php(311): WP_Hook->apply_filters(NULL, Array)
#2 D:\wamp64\www\wordpress\wp-includes\plugin.php(478): WP_Hook->do_action(Array)
#3 D:\wamp64\www\wordpress\wp-settings.php(546): do_action('init')
#4 D:\wamp64\www\wordpress\wp-config.php(94): require_once('D:\\wamp64\\www\\w...')
#5 D:\wamp64\www\wordpress\wp-load.php(37): require_once('D:\\wamp64\\www\\w...')
#6 D:\wamp64\www\wordpress\wp-admin\admin-ajax.php(22): require_once('D:\\wamp64\\www\\w...')
#7 {main}
  thrown in D:\wamp64\www\wordpress\wp-content\mu-plugins\job-listing-post-type.php on line 36

2020-08-19T08:04:36+00:00 CRITICAL Uncaught Error: Call to undefined function add_submenu_page() in D:\wamp64\www\wordpress\wp-content\mu-plugins\job-listing-post-type.php:36
Stack trace:
#0 D:\wamp64\www\wordpress\wp-includes\class-wp-hook.php(287): job_opening_post_types('')
#1 D:\wamp64\www\wordpress\wp-includes\class-wp-hook.php(311): WP_Hook->apply_filters(NULL, Array)
#2 D:\wamp64\www\wordpress\wp-includes\plugin.php(478): WP_Hook->do_action(Array)
#3 D:\wamp64\www\wordpress\wp-settings.php(546): do_action('init')
#4 D:\wamp64\www\wordpress\wp-config.php(94): require_once('D:\\wamp64\\www\\w...')
#5 D:\wamp64\www\wordpress\wp-load.php(37): require_once('D:\\wamp64\\www\\w...')
#6 D:\wamp64\www\wordpress\wp-admin\admin.php(34): require_once('D:\\wamp64\\www\\w...')
#7 D:\wamp64\www\wordpress\wp-admin\edit.php(10): require_once('D:\\wamp64\\www\\w...')
#8 {main}
  thrown in D:\wamp64\www\wordpress\wp-content\mu-plugins\job-listing-post-type.php on line 36

2020-08-19T08:06:20+00:00 CRITICAL Uncaught Error: Call to undefined function add_submenu_page() in D:\wamp64\www\wordpress\wp-content\mu-plugins\job-listing-post-type.php:39
Stack trace:
#0 D:\wamp64\www\wordpress\wp-includes\class-wp-hook.php(287): jobEntriesSubMenu('')
#1 D:\wamp64\www\wordpress\wp-includes\class-wp-hook.php(311): WP_Hook->apply_filters(NULL, Array)
#2 D:\wamp64\www\wordpress\wp-includes\plugin.php(478): WP_Hook->do_action(Array)
#3 D:\wamp64\www\wordpress\wp-settings.php(546): do_action('init')
#4 D:\wamp64\www\wordpress\wp-config.php(94): require_once('D:\\wamp64\\www\\w...')
#5 D:\wamp64\www\wordpress\wp-load.php(37): require_once('D:\\wamp64\\www\\w...')
#6 D:\wamp64\www\wordpress\wp-cron.php(44): require_once('D:\\wamp64\\www\\w...')
#7 {main}
  thrown in D:\wamp64\www\wordpress\wp-content\mu-plugins\job-listing-post-type.php on line 39

2020-08-19T08:06:20+00:00 CRITICAL Uncaught Error: Call to undefined function add_submenu_page() in D:\wamp64\www\wordpress\wp-content\mu-plugins\job-listing-post-type.php:39
Stack trace:
#0 D:\wamp64\www\wordpress\wp-includes\class-wp-hook.php(287): jobEntriesSubMenu('')
#1 D:\wamp64\www\wordpress\wp-includes\class-wp-hook.php(311): WP_Hook->apply_filters(NULL, Array)
#2 D:\wamp64\www\wordpress\wp-includes\plugin.php(478): WP_Hook->do_action(Array)
#3 D:\wamp64\www\wordpress\wp-settings.php(546): do_action('init')
#4 D:\wamp64\www\wordpress\wp-config.php(94): require_once('D:\\wamp64\\www\\w...')
#5 D:\wamp64\www\wordpress\wp-load.php(37): require_once('D:\\wamp64\\www\\w...')
#6 D:\wamp64\www\wordpress\wp-admin\admin.php(34): require_once('D:\\wamp64\\www\\w...')
#7 D:\wamp64\www\wordpress\wp-admin\edit.php(10): require_once('D:\\wamp64\\www\\w...')
#8 {main}
  thrown in D:\wamp64\www\wordpress\wp-content\mu-plugins\job-listing-post-type.php on line 39

2020-08-19T08:06:22+00:00 CRITICAL Uncaught Error: Call to undefined function add_submenu_page() in D:\wamp64\www\wordpress\wp-content\mu-plugins\job-listing-post-type.php:39
Stack trace:
#0 D:\wamp64\www\wordpress\wp-includes\class-wp-hook.php(287): jobEntriesSubMenu('')
#1 D:\wamp64\www\wordpress\wp-includes\class-wp-hook.php(311): WP_Hook->apply_filters(NULL, Array)
#2 D:\wamp64\www\wordpress\wp-includes\plugin.php(478): WP_Hook->do_action(Array)
#3 D:\wamp64\www\wordpress\wp-settings.php(546): do_action('init')
#4 D:\wamp64\www\wordpress\wp-config.php(94): require_once('D:\\wamp64\\www\\w...')
#5 D:\wamp64\www\wordpress\wp-load.php(37): require_once('D:\\wamp64\\www\\w...')
#6 D:\wamp64\www\wordpress\wp-admin\admin.php(34): require_once('D:\\wamp64\\www\\w...')
#7 D:\wamp64\www\wordpress\wp-admin\edit.php(10): require_once('D:\\wamp64\\www\\w...')
#8 {main}
  thrown in D:\wamp64\www\wordpress\wp-content\mu-plugins\job-listing-post-type.php on line 39

2020-08-19T08:06:24+00:00 CRITICAL Uncaught Error: Call to undefined function add_submenu_page() in D:\wamp64\www\wordpress\wp-content\mu-plugins\job-listing-post-type.php:39
Stack trace:
#0 D:\wamp64\www\wordpress\wp-includes\class-wp-hook.php(287): jobEntriesSubMenu('')
#1 D:\wamp64\www\wordpress\wp-includes\class-wp-hook.php(311): WP_Hook->apply_filters(NULL, Array)
#2 D:\wamp64\www\wordpress\wp-includes\plugin.php(478): WP_Hook->do_action(Array)
#3 D:\wamp64\www\wordpress\wp-settings.php(546): do_action('init')
#4 D:\wamp64\www\wordpress\wp-config.php(94): require_once('D:\\wamp64\\www\\w...')
#5 D:\wamp64\www\wordpress\wp-load.php(37): require_once('D:\\wamp64\\www\\w...')
#6 D:\wamp64\www\wordpress\wp-admin\admin.php(34): require_once('D:\\wamp64\\www\\w...')
#7 D:\wamp64\www\wordpress\wp-admin\edit.php(10): require_once('D:\\wamp64\\www\\w...')
#8 {main}
  thrown in D:\wamp64\www\wordpress\wp-content\mu-plugins\job-listing-post-type.php on line 39

2020-08-19T08:06:26+00:00 CRITICAL Uncaught Error: Call to undefined function add_submenu_page() in D:\wamp64\www\wordpress\wp-content\mu-plugins\job-listing-post-type.php:39
Stack trace:
#0 D:\wamp64\www\wordpress\wp-includes\class-wp-hook.php(287): jobEntriesSubMenu('')
#1 D:\wamp64\www\wordpress\wp-includes\class-wp-hook.php(311): WP_Hook->apply_filters(NULL, Array)
#2 D:\wamp64\www\wordpress\wp-includes\plugin.php(478): WP_Hook->do_action(Array)
#3 D:\wamp64\www\wordpress\wp-settings.php(546): do_action('init')
#4 D:\wamp64\www\wordpress\wp-config.php(94): require_once('D:\\wamp64\\www\\w...')
#5 D:\wamp64\www\wordpress\wp-load.php(37): require_once('D:\\wamp64\\www\\w...')
#6 D:\wamp64\www\wordpress\wp-admin\admin.php(34): require_once('D:\\wamp64\\www\\w...')
#7 D:\wamp64\www\wordpress\wp-admin\widgets.php(10): require_once('D:\\wamp64\\www\\w...')
#8 {main}
  thrown in D:\wamp64\www\wordpress\wp-content\mu-plugins\job-listing-post-type.php on line 39

2020-08-19T10:29:29+00:00 CRITICAL Uncaught Error: Call to undefined function add_submenu_page() in D:\wamp64\www\wordpress\wp-content\mu-plugins\job-listing-post-type.php:39
Stack trace:
#0 D:\wamp64\www\wordpress\wp-includes\class-wp-hook.php(287): jobEntriesSubMenu('')
#1 D:\wamp64\www\wordpress\wp-includes\class-wp-hook.php(311): WP_Hook->apply_filters(NULL, Array)
#2 D:\wamp64\www\wordpress\wp-includes\plugin.php(478): WP_Hook->do_action(Array)
#3 D:\wamp64\www\wordpress\wp-settings.php(546): do_action('init')
#4 D:\wamp64\www\wordpress\wp-config.php(94): require_once('D:\\wamp64\\www\\w...')
#5 D:\wamp64\www\wordpress\wp-load.php(37): require_once('D:\\wamp64\\www\\w...')
#6 D:\wamp64\www\wordpress\wp-cron.php(44): require_once('D:\\wamp64\\www\\w...')
#7 {main}
  thrown in D:\wamp64\www\wordpress\wp-content\mu-plugins\job-listing-post-type.php on line 39

2020-08-19T10:29:30+00:00 CRITICAL Uncaught Error: Call to undefined function add_submenu_page() in D:\wamp64\www\wordpress\wp-content\mu-plugins\job-listing-post-type.php:39
Stack trace:
#0 D:\wamp64\www\wordpress\wp-includes\class-wp-hook.php(287): jobEntriesSubMenu('')
#1 D:\wamp64\www\wordpress\wp-includes\class-wp-hook.php(311): WP_Hook->apply_filters(NULL, Array)
#2 D:\wamp64\www\wordpress\wp-includes\plugin.php(478): WP_Hook->do_action(Array)
#3 D:\wamp64\www\wordpress\wp-settings.php(546): do_action('init')
#4 D:\wamp64\www\wordpress\wp-config.php(94): require_once('D:\\wamp64\\www\\w...')
#5 D:\wamp64\www\wordpress\wp-load.php(37): require_once('D:\\wamp64\\www\\w...')
#6 D:\wamp64\www\wordpress\wp-blog-header.php(13): require_once('D:\\wamp64\\www\\w...')
#7 D:\wamp64\www\wordpress\index.php(17): require('D:\\wamp64\\www\\w...')
#8 {main}
  thrown in D:\wamp64\www\wordpress\wp-content\mu-plugins\job-listing-post-type.php on line 39

